Arguments: 
  C:\Program Files\nodejs\node.exe C:\Users\namra\AppData\Roaming\npm\node_modules\yarn\bin\yarn.js add --dev live-server

PATH: 
  C:\Program Files\Python312\Scripts\;C:\Program Files\Python312\;C:\Program Files\Python311\Scripts\;C:\Program Files\Python311\;C:\Program Files (x86)\Microsoft SDKs\Azure\CLI2\wbin;C:\WINDOWS\system32;C:\WINDOWS;C:\WINDOWS\System32\Wbem;C:\WINDOWS\System32\WindowsPowerShell\v1.0\;C:\WINDOWS\System32\OpenSSH\;C:\Program Files\Git\cmd;C:\Program Files\PuTTY\;C:\Program Files\Microsoft SQL Server\130\Tools\Binn\;C:\Program Files\OpenSSL-Win64\bin;C:\Program Files\Go\bin;C:\Program Files\nodejs\;C:\Users\namra\AppData\Local\Programs\Microsoft VS Code\bin;%PATH;C:\Users\namra\AppData\Roaming\npm;C:\Users\namra\AppData\Local\Programs\Microsoft VS Code\bin;

Yarn version: 
  1.22.19

Node version: 
  18.18.2

Platform: 
  win32 x64

Trace: 
  SyntaxError: C:\research\one-to-many\client\package.json: Unexpected token { in JSON at position 96
      at JSON.parse (<anonymous>)
      at C:\Users\namra\AppData\Roaming\npm\node_modules\yarn\lib\cli.js:1629:59
      at Generator.next (<anonymous>)
      at step (C:\Users\namra\AppData\Roaming\npm\node_modules\yarn\lib\cli.js:310:30)
      at C:\Users\namra\AppData\Roaming\npm\node_modules\yarn\lib\cli.js:321:13

npm manifest: 
  {
    "name": "client",
    "version": "1.0.0",
    "main": "index.js",
    "license": "MIT",
  
  "scripts"{
    "start":"live-server"
  }
  }

yarn manifest: 
  No manifest

Lockfile: 
  No lockfile
